<?xml version="1.0" encoding="UTF-8"?>
<!-- Generated by org.testng.reporters.JUnitReportReporter -->
<testsuite skipped="0" hostname="IN-IT1004.local" name="com.rajesh.tests.LoginPageTests" tests="1" failures="0" timestamp="14 May 2021 10:11:12 GMT" time="35.190" errors="0">
  <testcase name="test1" time="35.190" classname="com.rajesh.tests.LoginPageTests"/>
</testsuite> <!-- com.rajesh.tests.LoginPageTests -->
